<?xml version="1.0" encoding="UTF-8"?>
<!-- Generated by org.testng.reporters.JUnitReportReporter -->
<testsuite skipped="0" hostname="CBR-LAP-DEL2709" name="com.ciber.actitime.Tasks.delete_customer" tests="1" failures="0" timestamp="07 Jan 2020 06:13:58 GMT" time="0.294" errors="0">
  <testcase name="testdelete_customer" time="0.294" classname="com.ciber.actitime.Tasks.delete_customer"/>
</testsuite> <!-- com.ciber.actitime.Tasks.delete_customer -->
