<?xml version="1.0" encoding="UTF-8"?>
<!-- Generated by org.testng.reporters.JUnitReportReporter -->
<testsuite skipped="0" hostname="CBR-LAP-DEL2709" name="com.ciber.actititime.Users.Create_Users" tests="1" failures="0" timestamp="07 Jan 2020 04:38:29 GMT" time="0.006" errors="0">
  <testcase name="testCreate_Users" time="0.006" classname="com.ciber.actititime.Users.Create_Users"/>
</testsuite> <!-- com.ciber.actititime.Users.Create_Users -->
